2021-07-20 17:05:25.300 WARN  15452 --- [ restartedMain ] o.s.boot.StartupInfoLogger[appendOn] - InetAddress.getLocalHost().getHostName() took 5004 milliseconds to respond. Please verify your network configuration (macOS machines may need to add entries to /etc/hosts).
2021-07-20 17:05:30.308 INFO  20460 --- [ restartedMain ] c.e.s.SpringMongodbToyApplication[logStarting] - Starting SpringMongodbToyApplication using Java 1.8.0_292 on iMac.local with PID 32090 (/Users/devgyu/Desktop/spring-mongodb-toy/out/production/classes started by devgyu in /Users/devgyu/Desktop/spring-mongodb-toy)
2021-07-20 17:05:30.309 INFO  20461 --- [ restartedMain ] c.e.s.SpringMongodbToyApplication[logStartupProfileInfo] - No active profile set, falling back to default profiles: default
2021-07-20 17:05:30.358 INFO  20510 --- [ restartedMain ] o.s.b.d.e.DevToolsPropertyDefaultsPostProcessor[logTo] - Devtools property defaults active! Set 'spring.devtools.add-properties' to 'false' to disable
2021-07-20 17:05:30.359 INFO  20511 --- [ restartedMain ] o.s.b.d.e.DevToolsPropertyDefaultsPostProcessor[logTo] - For additional web related logging consider setting the 'logging.level.web' property to 'DEBUG'
2021-07-20 17:05:30.678 INFO  20830 --- [ restartedMain ] o.s.d.r.c.RepositoryConfigurationDelegate[registerRepositoriesIn] - Bootstrapping Spring Data MongoDB repositories in DEFAULT mode.
2021-07-20 17:05:30.714 INFO  20866 --- [ restartedMain ] o.s.d.r.c.RepositoryConfigurationDelegate[registerRepositoriesIn] - Finished Spring Data repository scanning in 32 ms. Found 3 MongoDB repository interfaces.
2021-07-20 17:05:30.998 INFO  21150 --- [ restartedMain ] o.s.b.w.e.tomcat.TomcatWebServer[initialize] - Tomcat initialized with port(s): 8080 (http)
2021-07-20 17:05:31.004 INFO  21156 --- [ restartedMain ] o.a.coyote.http11.Http11NioProtocol[log] - Initializing ProtocolHandler ["http-nio-8080"]
2021-07-20 17:05:31.004 INFO  21156 --- [ restartedMain ] o.a.catalina.core.StandardService[log] - Starting service [Tomcat]
2021-07-20 17:05:31.004 INFO  21156 --- [ restartedMain ] o.a.catalina.core.StandardEngine[log] - Starting Servlet engine: [Apache Tomcat/9.0.48]
2021-07-20 17:05:31.037 INFO  21189 --- [ restartedMain ] o.a.c.c.C.[Tomcat].[localhost].[/][log] - Initializing Spring embedded WebApplicationContext
2021-07-20 17:05:31.038 INFO  21190 --- [ restartedMain ] o.s.b.w.s.c.ServletWebServerApplicationContext[prepareWebApplicationContext] - Root WebApplicationContext: initialization completed in 679 ms
2021-07-20 17:05:31.138 INFO  21290 --- [ restartedMain ] org.mongodb.driver.cluster[info] - Cluster created with settings {hosts=[127.0.0.1:27017], srvHost=cluster0.smzmj.mongodb.net, mode=MULTIPLE, requiredClusterType=REPLICA_SET, serverSelectionTimeout='30000 ms', requiredReplicaSetName='atlas-lxwl2a-shard-0'}
2021-07-20 17:05:31.145 INFO  21297 --- [ cluster-ClusterId{value='60f683cbfe1ff16f1f06aba3', description='null'}-srv-cluster0.smzmj.mongodb.net ] org.mongodb.driver.cluster[info] - Adding discovered server cluster0-shard-00-02.smzmj.mongodb.net:27017 to client view of cluster
2021-07-20 17:05:31.160 INFO  21312 --- [ cluster-ClusterId{value='60f683cbfe1ff16f1f06aba3', description='null'}-srv-cluster0.smzmj.mongodb.net ] org.mongodb.driver.cluster[info] - Adding discovered server cluster0-shard-00-01.smzmj.mongodb.net:27017 to client view of cluster
2021-07-20 17:05:31.161 INFO  21313 --- [ cluster-ClusterId{value='60f683cbfe1ff16f1f06aba3', description='null'}-srv-cluster0.smzmj.mongodb.net ] org.mongodb.driver.cluster[info] - Adding discovered server cluster0-shard-00-00.smzmj.mongodb.net:27017 to client view of cluster
2021-07-20 17:05:31.318 INFO  21470 --- [ restartedMain ] o.s.b.d.a.OptionalLiveReloadServer[startServer] - LiveReload server is running on port 35729
2021-07-20 17:05:31.643 WARN  21795 --- [ restartedMain ] o.s.b.a.t.ThymeleafAutoConfiguration$DefaultTemplateResolverConfiguration[checkTemplateLocationExists] - Cannot find template location: classpath:/templates/ (please add some templates or check your Thymeleaf configuration)
2021-07-20 17:05:31.680 INFO  21832 --- [ restartedMain ] o.a.coyote.http11.Http11NioProtocol[log] - Starting ProtocolHandler ["http-nio-8080"]
2021-07-20 17:05:31.697 INFO  21849 --- [ restartedMain ] o.s.b.w.e.tomcat.TomcatWebServer[start] - Tomcat started on port(s): 8080 (http) with context path ''
2021-07-20 17:05:31.706 INFO  21858 --- [ restartedMain ] c.e.s.SpringMongodbToyApplication[logStarted] - Started SpringMongodbToyApplication in 21.723 seconds (JVM running for 27.111)
2021-07-20 17:05:32.138 INFO  22290 --- [ cluster-ClusterId{value='60f683cbfe1ff16f1f06aba3', description='null'}-cluster0-shard-00-02.smzmj.mongodb.net:27017 ] org.mongodb.driver.connection[info] - Opened connection [connectionId{localValue:6, serverValue:716446}] to cluster0-shard-00-02.smzmj.mongodb.net:27017
2021-07-20 17:05:32.138 INFO  22290 --- [ cluster-rtt-ClusterId{value='60f683cbfe1ff16f1f06aba3', description='null'}-cluster0-shard-00-00.smzmj.mongodb.net:27017 ] org.mongodb.driver.connection[info] - Opened connection [connectionId{localValue:5, serverValue:583804}] to cluster0-shard-00-00.smzmj.mongodb.net:27017
2021-07-20 17:05:32.138 INFO  22290 --- [ cluster-rtt-ClusterId{value='60f683cbfe1ff16f1f06aba3', description='null'}-cluster0-shard-00-02.smzmj.mongodb.net:27017 ] org.mongodb.driver.connection[info] - Opened connection [connectionId{localValue:3, serverValue:716446}] to cluster0-shard-00-02.smzmj.mongodb.net:27017
2021-07-20 17:05:32.138 INFO  22290 --- [ cluster-ClusterId{value='60f683cbfe1ff16f1f06aba3', description='null'}-cluster0-shard-00-00.smzmj.mongodb.net:27017 ] org.mongodb.driver.connection[info] - Opened connection [connectionId{localValue:4, serverValue:583804}] to cluster0-shard-00-00.smzmj.mongodb.net:27017
2021-07-20 17:05:32.138 INFO  22290 --- [ cluster-ClusterId{value='60f683cbfe1ff16f1f06aba3', description='null'}-cluster0-shard-00-02.smzmj.mongodb.net:27017 ] org.mongodb.driver.cluster[info] - Monitor thread successfully connected to server with description ServerDescription{address=cluster0-shard-00-02.smzmj.mongodb.net:27017, type=REPLICA_SET_PRIMARY, state=CONNECTED, ok=true, minWireVersion=0, maxWireVersion=9, maxDocumentSize=16777216, logicalSessionTimeoutMinutes=30, roundTripTimeNanos=669693010, setName='atlas-lxwl2a-shard-0', canonicalAddress=cluster0-shard-00-02.smzmj.mongodb.net:27017, hosts=[cluster0-shard-00-02.smzmj.mongodb.net:27017, cluster0-shard-00-00.smzmj.mongodb.net:27017, cluster0-shard-00-01.smzmj.mongodb.net:27017], passives=[], arbiters=[], primary='cluster0-shard-00-02.smzmj.mongodb.net:27017', tagSet=TagSet{[Tag{name='nodeType', value='ELECTABLE'}, Tag{name='provider', value='AWS'}, Tag{name='region', value='US_EAST_1'}, Tag{name='workloadType', value='OPERATIONAL'}]}, electionId=7fffffff000000000000005c, setVersion=9, topologyVersion=TopologyVersion{processId=60db4fe37feea879e872dca2, counter=6}, lastWriteDate=Tue Jul 20 17:05:31 KST 2021, lastUpdateTimeNanos=432400794385282}
2021-07-20 17:05:32.138 INFO  22290 --- [ cluster-ClusterId{value='60f683cbfe1ff16f1f06aba3', description='null'}-cluster0-shard-00-00.smzmj.mongodb.net:27017 ] org.mongodb.driver.cluster[info] - Monitor thread successfully connected to server with description ServerDescription{address=cluster0-shard-00-00.smzmj.mongodb.net:27017, type=REPLICA_SET_SECONDARY, state=CONNECTED, ok=true, minWireVersion=0, maxWireVersion=9, maxDocumentSize=16777216, logicalSessionTimeoutMinutes=30, roundTripTimeNanos=673403950, setName='atlas-lxwl2a-shard-0', canonicalAddress=cluster0-shard-00-00.smzmj.mongodb.net:27017, hosts=[cluster0-shard-00-02.smzmj.mongodb.net:27017, cluster0-shard-00-00.smzmj.mongodb.net:27017, cluster0-shard-00-01.smzmj.mongodb.net:27017], passives=[], arbiters=[], primary='cluster0-shard-00-02.smzmj.mongodb.net:27017', tagSet=TagSet{[Tag{name='nodeType', value='ELECTABLE'}, Tag{name='provider', value='AWS'}, Tag{name='region', value='US_EAST_1'}, Tag{name='workloadType', value='OPERATIONAL'}]}, electionId=null, setVersion=9, topologyVersion=TopologyVersion{processId=60db4ece9e6bb31ee71e2771, counter=4}, lastWriteDate=Tue Jul 20 17:05:31 KST 2021, lastUpdateTimeNanos=432400794301145}
2021-07-20 17:05:32.139 INFO  22291 --- [ cluster-ClusterId{value='60f683cbfe1ff16f1f06aba3', description='null'}-cluster0-shard-00-02.smzmj.mongodb.net:27017 ] org.mongodb.driver.cluster[info] - Setting max election id to 7fffffff000000000000005c from replica set primary cluster0-shard-00-02.smzmj.mongodb.net:27017
2021-07-20 17:05:32.139 INFO  22291 --- [ cluster-ClusterId{value='60f683cbfe1ff16f1f06aba3', description='null'}-cluster0-shard-00-02.smzmj.mongodb.net:27017 ] org.mongodb.driver.cluster[info] - Setting max set version to 9 from replica set primary cluster0-shard-00-02.smzmj.mongodb.net:27017
2021-07-20 17:05:32.139 INFO  22291 --- [ cluster-ClusterId{value='60f683cbfe1ff16f1f06aba3', description='null'}-cluster0-shard-00-02.smzmj.mongodb.net:27017 ] org.mongodb.driver.cluster[info] - Discovered replica set primary cluster0-shard-00-02.smzmj.mongodb.net:27017
2021-07-20 17:05:32.143 INFO  22295 --- [ cluster-rtt-ClusterId{value='60f683cbfe1ff16f1f06aba3', description='null'}-cluster0-shard-00-01.smzmj.mongodb.net:27017 ] org.mongodb.driver.connection[info] - Opened connection [connectionId{localValue:2, serverValue:578779}] to cluster0-shard-00-01.smzmj.mongodb.net:27017
2021-07-20 17:05:32.143 INFO  22295 --- [ cluster-ClusterId{value='60f683cbfe1ff16f1f06aba3', description='null'}-cluster0-shard-00-01.smzmj.mongodb.net:27017 ] org.mongodb.driver.connection[info] - Opened connection [connectionId{localValue:1, serverValue:578779}] to cluster0-shard-00-01.smzmj.mongodb.net:27017
2021-07-20 17:05:32.144 INFO  22296 --- [ cluster-ClusterId{value='60f683cbfe1ff16f1f06aba3', description='null'}-cluster0-shard-00-01.smzmj.mongodb.net:27017 ] org.mongodb.driver.cluster[info] - Monitor thread successfully connected to server with description ServerDescription{address=cluster0-shard-00-01.smzmj.mongodb.net:27017, type=REPLICA_SET_SECONDARY, state=CONNECTED, ok=true, minWireVersion=0, maxWireVersion=9, maxDocumentSize=16777216, logicalSessionTimeoutMinutes=30, roundTripTimeNanos=652504897, setName='atlas-lxwl2a-shard-0', canonicalAddress=cluster0-shard-00-01.smzmj.mongodb.net:27017, hosts=[cluster0-shard-00-02.smzmj.mongodb.net:27017, cluster0-shard-00-00.smzmj.mongodb.net:27017, cluster0-shard-00-01.smzmj.mongodb.net:27017], passives=[], arbiters=[], primary='cluster0-shard-00-02.smzmj.mongodb.net:27017', tagSet=TagSet{[Tag{name='nodeType', value='ELECTABLE'}, Tag{name='provider', value='AWS'}, Tag{name='region', value='US_EAST_1'}, Tag{name='workloadType', value='OPERATIONAL'}]}, electionId=null, setVersion=9, topologyVersion=TopologyVersion{processId=60db50ca0f0c75c1acdbef3b, counter=3}, lastWriteDate=Tue Jul 20 17:05:31 KST 2021, lastUpdateTimeNanos=432400800767183}
2021-07-20 17:06:13.466 INFO  63618 --- [ http-nio-8080-exec-1 ] o.a.c.c.C.[Tomcat].[localhost].[/][log] - Initializing Spring DispatcherServlet 'dispatcherServlet'
2021-07-20 17:06:13.466 INFO  63618 --- [ http-nio-8080-exec-1 ] o.s.web.servlet.DispatcherServlet[initServletBean] - Initializing Servlet 'dispatcherServlet'
2021-07-20 17:06:13.467 INFO  63619 --- [ http-nio-8080-exec-1 ] o.s.web.servlet.DispatcherServlet[initServletBean] - Completed initialization in 1 ms
2021-07-20 17:06:13.500 INFO  63652 --- [ http-nio-8080-exec-1 ] c.e.s.r.q.CommentRepositorySupport[findAllByName] - Start Logic, start time at 2021-07-20T17:06:13.500
2021-07-20 17:06:13.515 DEBUG 63667 --- [ http-nio-8080-exec-1 ] o.s.data.mongodb.core.MongoTemplate[doAggregate] - Executing aggregation: [{ "$match" : {}}] in collection comments
2021-07-20 17:06:14.735 INFO  64887 --- [ http-nio-8080-exec-1 ] org.mongodb.driver.connection[info] - Opened connection [connectionId{localValue:7, serverValue:716433}] to cluster0-shard-00-02.smzmj.mongodb.net:27017
2021-07-20 17:06:19.206 INFO  69358 --- [ http-nio-8080-exec-1 ] c.e.s.r.q.CommentRepositorySupport[findAllByName] - completed send query, now time is 2021-07-20T17:06:19.205, during time 5
2021-07-20 17:06:19.207 INFO  69359 --- [ http-nio-8080-exec-1 ] c.e.s.r.q.CommentRepositorySupport[findAllByName] - End Logic, end time at 2021-07-20T17:06:19.207, during time 5
2021-07-20 17:07:05.930 INFO  116082 --- [ SpringApplicationShutdownHook ] org.mongodb.driver.connection[info] - Closed connection [connectionId{localValue:7, serverValue:716433}] to cluster0-shard-00-02.smzmj.mongodb.net:27017 because the pool has been closed.
